0 info it worked if it ends with ok
1 verbose cli [ 'C:\\Program Files\\nodejs\\node.exe',
1 verbose cli   'C:\\Users\\Hlebu\\AppData\\Roaming\\npm\\node_modules\\npm\\bin\\npm-cli.js',
1 verbose cli   'install',
1 verbose cli   'UI',
1 verbose cli   'Bootstrap' ]
2 info using npm@3.8.0
3 info using node@v4.3.2
4 silly loadCurrentTree Starting
5 silly install loadCurrentTree
6 silly install readLocalPackageData
7 silly fetchPackageMetaData UI
8 silly fetchPackageMetaData Bootstrap
9 silly fetchNamedPackageData UI
10 silly mapToRegistry name UI
11 silly mapToRegistry using default registry
12 silly mapToRegistry registry https://registry.npmjs.org/
13 silly mapToRegistry uri https://registry.npmjs.org/UI
14 silly fetchNamedPackageData Bootstrap
15 silly mapToRegistry name Bootstrap
16 silly mapToRegistry using default registry
17 silly mapToRegistry registry https://registry.npmjs.org/
18 silly mapToRegistry uri https://registry.npmjs.org/Bootstrap
19 verbose request uri https://registry.npmjs.org/UI
20 verbose request no auth needed
21 info attempt registry request try #1 at 15:26:11
22 verbose request id d0ec4cb0c0d4d241
23 http request GET https://registry.npmjs.org/UI
24 verbose request uri https://registry.npmjs.org/Bootstrap
25 verbose request no auth needed
26 info attempt registry request try #1 at 15:26:11
27 http request GET https://registry.npmjs.org/Bootstrap
28 http 404 https://registry.npmjs.org/UI
29 verbose headers { 'content-type': 'application/json',
29 verbose headers   'cache-control': 'max-age=0',
29 verbose headers   'content-length': '2',
29 verbose headers   'accept-ranges': 'bytes',
29 verbose headers   date: 'Wed, 23 Mar 2016 09:26:17 GMT',
29 verbose headers   via: '1.1 varnish',
29 verbose headers   age: '0',
29 verbose headers   connection: 'keep-alive',
29 verbose headers   'x-served-by': 'cache-fra1226-FRA',
29 verbose headers   'x-cache': 'MISS',
29 verbose headers   'x-cache-hits': '0',
29 verbose headers   'x-timer': 'S1458725177.040769,VS0,VE105' }
30 silly get cb [ 404,
30 silly get   { 'content-type': 'application/json',
30 silly get     'cache-control': 'max-age=0',
30 silly get     'content-length': '2',
30 silly get     'accept-ranges': 'bytes',
30 silly get     date: 'Wed, 23 Mar 2016 09:26:17 GMT',
30 silly get     via: '1.1 varnish',
30 silly get     age: '0',
30 silly get     connection: 'keep-alive',
30 silly get     'x-served-by': 'cache-fra1226-FRA',
30 silly get     'x-cache': 'MISS',
30 silly get     'x-cache-hits': '0',
30 silly get     'x-timer': 'S1458725177.040769,VS0,VE105' } ]
31 silly fetchPackageMetaData Error: Registry returned 404 for GET on https://registry.npmjs.org/UI
31 silly fetchPackageMetaData     at makeError (C:\Users\Hlebu\AppData\Roaming\npm\node_modules\npm\node_modules\npm-registry-client\lib\request.js:264:12)
31 silly fetchPackageMetaData     at CachingRegistryClient.<anonymous> (C:\Users\Hlebu\AppData\Roaming\npm\node_modules\npm\node_modules\npm-registry-client\lib\request.js:242:14)
31 silly fetchPackageMetaData     at Request._callback (C:\Users\Hlebu\AppData\Roaming\npm\node_modules\npm\node_modules\npm-registry-client\lib\request.js:172:14)
31 silly fetchPackageMetaData     at Request.self.callback (C:\Users\Hlebu\AppData\Roaming\npm\node_modules\npm\node_modules\request\request.js:199:22)
31 silly fetchPackageMetaData     at emitTwo (events.js:87:13)
31 silly fetchPackageMetaData     at Request.emit (events.js:172:7)
31 silly fetchPackageMetaData     at Request.<anonymous> (C:\Users\Hlebu\AppData\Roaming\npm\node_modules\npm\node_modules\request\request.js:1036:10)
31 silly fetchPackageMetaData     at emitOne (events.js:82:20)
31 silly fetchPackageMetaData     at Request.emit (events.js:169:7)
31 silly fetchPackageMetaData     at IncomingMessage.<anonymous> (C:\Users\Hlebu\AppData\Roaming\npm\node_modules\npm\node_modules\request\request.js:963:12)
31 silly fetchPackageMetaData  error for UI { [Error: Registry returned 404 for GET on https://registry.npmjs.org/UI] pkgid: 'UI', statusCode: 404, code: 'E404' }
32 http 404 https://registry.npmjs.org/Bootstrap
33 verbose headers { 'content-type': 'application/json',
33 verbose headers   'cache-control': 'max-age=0',
33 verbose headers   'content-length': '2',
33 verbose headers   'accept-ranges': 'bytes',
33 verbose headers   date: 'Wed, 23 Mar 2016 09:26:17 GMT',
33 verbose headers   via: '1.1 varnish',
33 verbose headers   age: '0',
33 verbose headers   connection: 'keep-alive',
33 verbose headers   'x-served-by': 'cache-fra1220-FRA',
33 verbose headers   'x-cache': 'MISS',
33 verbose headers   'x-cache-hits': '0',
33 verbose headers   'x-timer': 'S1458725177.130343,VS0,VE184' }
34 silly get cb [ 404,
34 silly get   { 'content-type': 'application/json',
34 silly get     'cache-control': 'max-age=0',
34 silly get     'content-length': '2',
34 silly get     'accept-ranges': 'bytes',
34 silly get     date: 'Wed, 23 Mar 2016 09:26:17 GMT',
34 silly get     via: '1.1 varnish',
34 silly get     age: '0',
34 silly get     connection: 'keep-alive',
34 silly get     'x-served-by': 'cache-fra1220-FRA',
34 silly get     'x-cache': 'MISS',
34 silly get     'x-cache-hits': '0',
34 silly get     'x-timer': 'S1458725177.130343,VS0,VE184' } ]
35 silly fetchPackageMetaData Error: Registry returned 404 for GET on https://registry.npmjs.org/Bootstrap
35 silly fetchPackageMetaData     at makeError (C:\Users\Hlebu\AppData\Roaming\npm\node_modules\npm\node_modules\npm-registry-client\lib\request.js:264:12)
35 silly fetchPackageMetaData     at CachingRegistryClient.<anonymous> (C:\Users\Hlebu\AppData\Roaming\npm\node_modules\npm\node_modules\npm-registry-client\lib\request.js:242:14)
35 silly fetchPackageMetaData     at Request._callback (C:\Users\Hlebu\AppData\Roaming\npm\node_modules\npm\node_modules\npm-registry-client\lib\request.js:172:14)
35 silly fetchPackageMetaData     at Request.self.callback (C:\Users\Hlebu\AppData\Roaming\npm\node_modules\npm\node_modules\request\request.js:199:22)
35 silly fetchPackageMetaData     at emitTwo (events.js:87:13)
35 silly fetchPackageMetaData     at Request.emit (events.js:172:7)
35 silly fetchPackageMetaData     at Request.<anonymous> (C:\Users\Hlebu\AppData\Roaming\npm\node_modules\npm\node_modules\request\request.js:1036:10)
35 silly fetchPackageMetaData     at emitOne (events.js:82:20)
35 silly fetchPackageMetaData     at Request.emit (events.js:169:7)
35 silly fetchPackageMetaData     at IncomingMessage.<anonymous> (C:\Users\Hlebu\AppData\Roaming\npm\node_modules\npm\node_modules\request\request.js:963:12)
35 silly fetchPackageMetaData  error for Bootstrap { [Error: Registry returned 404 for GET on https://registry.npmjs.org/Bootstrap] pkgid: 'Bootstrap', statusCode: 404, code: 'E404' }
36 silly rollbackFailedOptional Starting
37 silly rollbackFailedOptional Finishing
38 silly runTopLevelLifecycles Starting
39 silly runTopLevelLifecycles Finishing
40 silly install printInstalled
41 verbose stack Error: Registry returned 404 for GET on https://registry.npmjs.org/UI
41 verbose stack     at makeError (C:\Users\Hlebu\AppData\Roaming\npm\node_modules\npm\node_modules\npm-registry-client\lib\request.js:264:12)
41 verbose stack     at CachingRegistryClient.<anonymous> (C:\Users\Hlebu\AppData\Roaming\npm\node_modules\npm\node_modules\npm-registry-client\lib\request.js:242:14)
41 verbose stack     at Request._callback (C:\Users\Hlebu\AppData\Roaming\npm\node_modules\npm\node_modules\npm-registry-client\lib\request.js:172:14)
41 verbose stack     at Request.self.callback (C:\Users\Hlebu\AppData\Roaming\npm\node_modules\npm\node_modules\request\request.js:199:22)
41 verbose stack     at emitTwo (events.js:87:13)
41 verbose stack     at Request.emit (events.js:172:7)
41 verbose stack     at Request.<anonymous> (C:\Users\Hlebu\AppData\Roaming\npm\node_modules\npm\node_modules\request\request.js:1036:10)
41 verbose stack     at emitOne (events.js:82:20)
41 verbose stack     at Request.emit (events.js:169:7)
41 verbose stack     at IncomingMessage.<anonymous> (C:\Users\Hlebu\AppData\Roaming\npm\node_modules\npm\node_modules\request\request.js:963:12)
42 verbose statusCode 404
43 verbose pkgid UI
44 verbose cwd E:\Work_Raznoe\HWTwoAngular_EPAMGrillParty
45 error Windows_NT 10.0.10586
46 error argv "C:\\Program Files\\nodejs\\node.exe" "C:\\Users\\Hlebu\\AppData\\Roaming\\npm\\node_modules\\npm\\bin\\npm-cli.js" "install" "UI" "Bootstrap"
47 error node v4.3.2
48 error npm  v3.8.0
49 error code E404
50 error 404 Registry returned 404 for GET on https://registry.npmjs.org/UI
51 error 404
52 error 404 'UI' is not in the npm registry.
53 error 404 Your package name is not valid, because
54 error 404 1. name can no longer contain capital letters
55 error 404 Note that you can also install from a
56 error 404 tarball, folder, http url, or git url.
57 verbose exit [ 1, true ]
